
> uxuipunpro@1.0.0 build-storybook
> storybook build --output-dir=/var/folders/tx/vb012rx95sg71jf49g9zp8kc0000gn/T/chromatic--16278-WEvfulB33kKY

@storybook/core v8.3.0

info => Cleaning outputDir: ../../var/folders/tx/vb012rx95sg71jf49g9zp8kc0000gn/T/chromatic--16278-WEvfulB33kKY
info => Loading presets
info => Building manager..
info => Manager built (142 ms)
info => Building preview..
info Addon-docs: using MDX3
info => Using implicit CSS loaders
info => Using default Webpack5 setup
WARN asset size limit: The following asset(s) exceed the recommended size limit (244 KiB).
WARN This can impact web performance.
WARN Assets: 
WARN   static/media/addon-library.7a58d2cb.png (456 KiB)
WARN   126.c43c2136.iframe.bundle.js (1.01 MiB)
WARN   410.fddfa123.iframe.bundle.js (1.42 MiB)
WARN entrypoint size limit: The following entrypoint(s) combined asset size exceeds the recommended limit (244 KiB). This can impact web performance.
WARN Entrypoints:
WARN   main (1.43 MiB)
WARN       runtime~main.f9033343.iframe.bundle.js
WARN       410.fddfa123.iframe.bundle.js
WARN       main.eb575ad4.iframe.bundle.js
WARN 
info => Preview built (6.51 s)
info => Output directory: /var/folders/tx/vb012rx95sg71jf49g9zp8kc0000gn/T/chromatic--16278-WEvfulB33kKY
